<?xml version="1.0" encoding="UTF-8"?>
<testng-results skipped="0" failed="0" ignored="0" total="1" passed="1">
  <reporter-output>
  </reporter-output>
  <suite name="Default suite" duration-ms="3174" started-at="2019-08-07T00:10:59 IST" finished-at="2019-08-07T00:11:02 IST">
    <groups>
    </groups>
    <test name="Default test" duration-ms="3174" started-at="2019-08-07T00:10:59 IST" finished-at="2019-08-07T00:11:02 IST">
      <class name="com.qa.test.PostApiTest">
        <test-method status="PASS" signature="setUp()[pri:0, instance:com.qa.test.PostApiTest@6f1fba17]" name="setUp" is-config="true" duration-ms="10" started-at="2019-08-07T00:10:59 IST" finished-at="2019-08-07T00:10:59 IST">
          <reporter-output>
          </reporter-output>
        </test-method> <!-- setUp -->
        <test-method status="PASS" signature="postApiTest()[pri:0, instance:com.qa.test.PostApiTest@6f1fba17]" name="postApiTest" duration-ms="3082" started-at="2019-08-07T00:10:59 IST" finished-at="2019-08-07T00:11:02 IST">
          <reporter-output>
          </reporter-output>
        </test-method> <!-- postApiTest -->
      </class> <!-- com.qa.test.PostApiTest -->
    </test> <!-- Default test -->
  </suite> <!-- Default suite -->
</testng-results>
